<?xml version="1.0" encoding="UTF-8"?>
<testng-results skipped="0" failed="0" ignored="0" total="1" passed="1">
  <reporter-output>
  </reporter-output>
  <suite name="Default suite" duration-ms="59572" started-at="2020-07-20T11:55:40Z" finished-at="2020-07-20T11:56:40Z">
    <groups>
    </groups>
    <test name="Default test" duration-ms="59572" started-at="2020-07-20T11:55:40Z" finished-at="2020-07-20T11:56:40Z">
      <class name="Demo.Test1">
        <test-method status="PASS" signature="launch()[pri:0, instance:Demo.Test1@42d80b78]" name="launch" duration-ms="59523" started-at="2020-07-20T11:55:40Z" finished-at="2020-07-20T11:56:40Z">
          <reporter-output>
          </reporter-output>
        </test-method> <!-- launch -->
      </class> <!-- Demo.Test1 -->
    </test> <!-- Default test -->
  </suite> <!-- Default suite -->
</testng-results>
